<?xml version="1.0" encoding="UTF-8"?>
<!-- Generated by org.testng.reporters.JUnitReportReporter -->
<testsuite hostname="DESKTOP-MQLPV38" failures="0" tests="1" name="testCases.TC__001Accountregestion" time="19.063" errors="0" timestamp="2024-05-06T18:09:54 IST" skipped="0">
  <testcase classname="testCases.TC__001Accountregestion" name="verify_account_registion" time="19.063"/>
</testsuite> <!-- testCases.TC__001Accountregestion -->
